Error: listen EACCES

Even with METEOR_ALLOW_SUPERUSER or --allow-superuser, permissions in your app
directory will be incorrect if you ever attempt to perform any Meteor tasks as
a normal user. If you need to fix your permissions, run the following command
from the root of your project:

  sudo chown -Rh <username> .meteor/local

[[[[[ ~/nextact-tickets ]]]]]

=> Started proxy.
=> Meteor 1.4.3.2 is available. Update this project with 'meteor update'.
=> Started MongoDB.
=> Started your app.

=> App running at: http://localhost:80/

Even with METEOR_ALLOW_SUPERUSER or --allow-superuser, permissions in your app
directory will be incorrect if you ever attempt to perform any Meteor tasks as
a normal user. If you need to fix your permissions, run the following command
from the root of your project:

  sudo chown -Rh <username> .meteor/local

[[[[[ ~/nextact-tickets ]]]]]

=> Started proxy.
=> Meteor 1.4.3.2 is available. Update this project with 'meteor update'.
=> Started MongoDB.
=> Started your app.

=> App running at: http://localhost:80/
=> Meteor 1.4.3.2 is available. Update this project with 'meteor update'.
=> Meteor 1.4.3.2 is available. Update this project with 'meteor update'.
